<?xml version="1.0" encoding="UTF-8"?>
<testng-results ignored="0" total="5" passed="4" failed="1" skipped="0">
  <reporter-output>
  </reporter-output>
  <suite started-at="2026-07-20T19:33:43 IST" name="Default suite" finished-at="2026-07-20T19:33:44 IST" duration-ms="126">
    <groups>
    </groups>
    <test started-at="2026-07-20T19:33:43 IST" name="Default test" finished-at="2026-07-20T19:33:44 IST" duration-ms="126">
      <class name="fileComparision.CompareHeaderTest">
        <test-method signature="testFileDoesNotExist()[pri:0, instance:fileComparision.CompareHeaderTest@5ae50ce6]" started-at="2026-07-20T19:33:43 IST" name="testFileDoesNotExist" finished-at="2026-07-20T19:33:43 IST" duration-ms="17" status="FAIL">
          <exception class="java.lang.IllegalArgumentException">
            <message>
              <![CDATA[File does not exist: src/test/resources/file_not_found.csv]]>
            </message>
            <full-stacktrace>
              <![CDATA[java.lang.IllegalArgumentException: File does not exist: src/test/resources/file_not_found.csv
at fileComparision.csvFileReader.readHeaders(csvFileReader.java:23)
at fileComparision.CompareHeaderTest.testFileDoesNotExist(CompareHeaderTest.java:56)
at java.base/jdk.internal.reflect.DirectMethodHandleAccessor.invoke(DirectMethodHandleAccessor.java:104)
at java.base/java.lang.reflect.Method.invoke(Method.java:565)
at org.testng.internal.invokers.MethodInvocationHelper.invokeMethod(MethodInvocationHelper.java:141)
at org.testng.internal.invokers.TestInvoker.invokeMethod(TestInvoker.java:687)
at org.testng.internal.invokers.TestInvoker.invokeTestMethod(TestInvoker.java:230)
at org.testng.internal.invokers.MethodRunner.runInSequence(MethodRunner.java:63)
at org.testng.internal.invokers.TestInvoker$MethodInvocationAgent.invoke(TestInvoker.java:995)
at org.testng.internal.invokers.TestInvoker.invokeTestMethods(TestInvoker.java:203)
at org.testng.internal.invokers.TestMethodWorker.invokeTestMethods(TestMethodWorker.java:154)
at org.testng.internal.invokers.TestMethodWorker.run(TestMethodWorker.java:134)
at java.base/java.util.ArrayList.forEach(ArrayList.java:1612)
at org.testng.TestRunner.privateRun(TestRunner.java:741)
at org.testng.TestRunner.run(TestRunner.java:616)
at org.testng.SuiteRunner.runTest(SuiteRunner.java:421)
at org.testng.SuiteRunner.runSequentially(SuiteRunner.java:413)
at org.testng.SuiteRunner.privateRun(SuiteRunner.java:373)
at org.testng.SuiteRunner.run(SuiteRunner.java:312)
at org.testng.SuiteRunnerWorker.runSuite(SuiteRunnerWorker.java:52)
at org.testng.SuiteRunnerWorker.run(SuiteRunnerWorker.java:95)
at org.testng.TestNG.runSuitesSequentially(TestNG.java:1274)
at org.testng.TestNG.runSuitesLocally(TestNG.java:1208)
at org.testng.TestNG.runSuites(TestNG.java:1112)
at org.testng.TestNG.run(TestNG.java:1079)
at org.testng.remote.AbstractRemoteTestNG.run(AbstractRemoteTestNG.java:115)
at org.testng.remote.RemoteTestNG.initAndRun(RemoteTestNG.java:293)
at org.testng.remote.RemoteTestNG.main(RemoteTestNG.java:91)
]]>
            </full-stacktrace>
          </exception> <!-- java.lang.IllegalArgumentException -->
          <reporter-output>
          </reporter-output>
        </test-method> <!-- testFileDoesNotExist -->
        <test-method signature="testHeadersInDifferentOrder()[pri:0, instance:fileComparision.CompareHeaderTest@5ae50ce6]" started-at="2026-07-20T19:33:43 IST" name="testHeadersInDifferentOrder" finished-at="2026-07-20T19:33:43 IST" duration-ms="8" status="PASS">
          <reporter-output>
          </reporter-output>
        </test-method> <!-- testHeadersInDifferentOrder -->
        <test-method signature="testHeadersWithExtraSpaces()[pri:0, instance:fileComparision.CompareHeaderTest@5ae50ce6]" started-at="2026-07-20T19:33:43 IST" name="testHeadersWithExtraSpaces" finished-at="2026-07-20T19:33:44 IST" duration-ms="6" status="PASS">
          <reporter-output>
          </reporter-output>
        </test-method> <!-- testHeadersWithExtraSpaces -->
        <test-method signature="testIdenticalHeaders()[pri:0, instance:fileComparision.CompareHeaderTest@5ae50ce6]" started-at="2026-07-20T19:33:44 IST" name="testIdenticalHeaders" finished-at="2026-07-20T19:33:44 IST" duration-ms="4" status="PASS">
          <reporter-output>
          </reporter-output>
        </test-method> <!-- testIdenticalHeaders -->
        <test-method signature="testMissingHeader()[pri:0, instance:fileComparision.CompareHeaderTest@5ae50ce6]" started-at="2026-07-20T19:33:44 IST" name="testMissingHeader" finished-at="2026-07-20T19:33:44 IST" duration-ms="3" status="PASS">
          <reporter-output>
          </reporter-output>
        </test-method> <!-- testMissingHeader -->
      </class> <!-- fileComparision.CompareHeaderTest -->
    </test> <!-- Default test -->
  </suite> <!-- Default suite -->
</testng-results>
